<?xml version="1.0" encoding="UTF-8"?>
<testng-results skipped="0" failed="0" ignored="0" total="0" passed="0">
  <reporter-output>
  </reporter-output>
  <suite name="Command line suite" duration-ms="5" started-at="2022-08-12T19:06:24 ICT" finished-at="2022-08-12T19:06:24 ICT">
    <groups>
    </groups>
    <test name="Command line test" duration-ms="5" started-at="2022-08-12T19:06:24 ICT" finished-at="2022-08-12T19:06:24 ICT">
    </test> <!-- Command line test -->
  </suite> <!-- Command line suite -->
</testng-results>
