<?xml version="1.0" encoding="UTF-8"?>
<testsuite xmlns:xsi="http://www.w3.org/2001/XMLSchema-instance" xsi:noNamespaceSchemaLocation="https://maven.apache.org/surefire/maven-failsafe-plugin/xsd/failsafe-test-report-3.0.xsd" version="3.0" name="com.oam.configuration.CukesTestRunnerParallel" time="160.865" tests="10" errors="0" skipped="0" failures="3">
  <properties>
[...]
</properties>
  <testcase name="runScenario" classname="com.oam.configuration.CukesTestRunnerParallel" time="19.193"/>
  <testcase name="runScenario" classname="com.oam.configuration.CukesTestRunnerParallel" time="16.685"/>
  <testcase name="runScenario" classname="com.oam.configuration.CukesTestRunnerParallel" time="20.887">
    <failure message="&#10;Expecting:&#10; &lt;&quot;Laptop14Jul04062418410802494391824818&quot;&gt;&#10;to be equal to:&#10; &lt;&quot;Laptop12Aug0647539432208378587453747&quot;&gt;&#10;but was not." type="java.lang.AssertionError"><![CDATA[java.lang.AssertionError: 

Expecting:
 <"Laptop14Jul04062418410802494391824818">
to be equal to:
 <"Laptop12Aug0647539432208378587453747">
but was not.
]]></failure>
    <system-out><![CDATA[=====Executing ...Create new assignment - verify list(file:src/test/resources/features/CreateNewAssignment.feature:4)
=====Scenario Failed!!!!!!! Create new assignment - verify list===FEATURE LOCATION: file:src/test/resources/features/CreateNewAssignment.feature:4
]]></system-out>
    <system-err><![CDATA[Starting Microsoft Edge WebDriver 104.0.1293.54 (cf00dc8720d894eb5f0a1b840990bb9ecf8b3589) on port 23922
To submit feedback, report a bug, or suggest new features, please visit https://github.com/MicrosoftEdge/EdgeWebDriver

Only local connections are allowed.
Please see https://aka.ms/WebDriverSecurity for suggestions on keeping Microsoft Edge WebDriver safe.

Microsoft Edge WebDriver was started successfully.
Aug 12, 2022 6:47:43 PM org.openqa.selenium.remote.ProtocolHandshake createSession
INFO: Detected dialect: W3C
]]></system-err>
  </testcase>
  <testcase name="runScenario" classname="com.oam.configuration.CukesTestRunnerParallel" time="11.782"/>
  <testcase name="runScenario" classname="com.oam.configuration.CukesTestRunnerParallel" time="11.748"/>
  <testcase name="runScenario" classname="com.oam.configuration.CukesTestRunnerParallel" time="11.799"/>
  <testcase name="runScenario" classname="com.oam.configuration.CukesTestRunnerParallel" time="10.146"/>
  <testcase name="runScenario" classname="com.oam.configuration.CukesTestRunnerParallel" time="10.14"/>
  <testcase name="runScenario" classname="com.oam.configuration.CukesTestRunnerParallel" time="25.397">
    <failure message="element click intercepted: Element &lt;button type=&quot;button&quot; class=&quot;ml-1 btn btn-light&quot;&gt;...&lt;/button&gt; is not clickable at point (1195, 691). Other element would receive the click: &lt;div class=&quot;Toastify__toast-container Toastify__toast-container--bottom-right&quot;&gt;...&lt;/div&gt;&#10;  (Session info: MicrosoftEdge=104.0.1293.47)&#10;Build info: version: &apos;3.141.59&apos;, revision: &apos;e82be7d358&apos;, time: &apos;2018-11-14T08:17:03&apos;&#10;System info: host: &apos;DESKTOP-V1F92J5&apos;, ip: &apos;192.168.1.7&apos;, os.name: &apos;Windows 10&apos;, os.arch: &apos;amd64&apos;, os.version: &apos;10.0&apos;, java.version: &apos;1.8.0_333&apos;&#10;Driver info: org.openqa.selenium.edge.EdgeDriver&#10;Capabilities {acceptInsecureCerts: true, browserName: msedge, browserVersion: 104.0.1293.47, javascriptEnabled: true, ms:edgeOptions: {debuggerAddress: localhost:61371}, msedge: {msedgedriverVersion: 104.0.1293.54 (cf00dc8720d8..., userDataDir: C:\Users\haryk\AppData\Loca...}, networkConnectionEnabled: false, pageLoadStrategy: normal, platform: WINDOWS, platformName: WINDOWS, proxy: Proxy(), setWindowRect: true, strictFileInteractability: false, timeouts: {implicit: 0, pageLoad: 300000, script: 30000}, unhandledPromptBehavior: dismiss and notify, webauthn:extension:credBlob: true, webauthn:extension:largeBlob: true, webauthn:virtualAuthenticators: true}&#10;Session ID: 9cd6db699e3c51cd0c5df3c8ea926061" type="org.openqa.selenium.ElementClickInterceptedException"><![CDATA[org.openqa.selenium.ElementClickInterceptedException: 
element click intercepted: Element <button type="button" class="ml-1 btn btn-light">...</button> is not clickable at point (1195, 691). Other element would receive the click: <div class="Toastify__toast-container Toastify__toast-container--bottom-right">...</div>
  (Session info: MicrosoftEdge=104.0.1293.47)
Build info: version: '3.141.59', revision: 'e82be7d358', time: '2018-11-14T08:17:03'
System info: host: 'DESKTOP-V1F92J5', ip: '192.168.1.7', os.name: 'Windows 10', os.arch: 'amd64', os.version: '10.0', java.version: '1.8.0_333'
Driver info: org.openqa.selenium.edge.EdgeDriver
Capabilities {acceptInsecureCerts: true, browserName: msedge, browserVersion: 104.0.1293.47, javascriptEnabled: true, ms:edgeOptions: {debuggerAddress: localhost:61371}, msedge: {msedgedriverVersion: 104.0.1293.54 (cf00dc8720d8..., userDataDir: C:\Users\haryk\AppData\Loca...}, networkConnectionEnabled: false, pageLoadStrategy: normal, platform: WINDOWS, platformName: WINDOWS, proxy: Proxy(), setWindowRect: true, strictFileInteractability: false, timeouts: {implicit: 0, pageLoad: 300000, script: 30000}, unhandledPromptBehavior: dismiss and notify, webauthn:extension:credBlob: true, webauthn:extension:largeBlob: true, webauthn:virtualAuthenticators: true}
Session ID: 9cd6db699e3c51cd0c5df3c8ea926061
]]></failure>
    <system-out><![CDATA[=====Executing ...Return asset - Accept request - State changed to Completed(file:src/test/resources/features/RequestForReturning.feature:4)
=====Scenario Failed!!!!!!! Return asset - Accept request - State changed to Completed===FEATURE LOCATION: file:src/test/resources/features/RequestForReturning.feature:4
]]></system-out>
    <system-err><![CDATA[Starting Microsoft Edge WebDriver 104.0.1293.54 (cf00dc8720d894eb5f0a1b840990bb9ecf8b3589) on port 28550
To submit feedback, report a bug, or suggest new features, please visit https://github.com/MicrosoftEdge/EdgeWebDriver

Only local connections are allowed.
Please see https://aka.ms/WebDriverSecurity for suggestions on keeping Microsoft Edge WebDriver safe.

Microsoft Edge WebDriver was started successfully.
Aug 12, 2022 6:48:59 PM org.openqa.selenium.remote.ProtocolHandshake createSession
INFO: Detected dialect: W3C
]]></system-err>
  </testcase>
  <testcase name="runScenario" classname="com.oam.configuration.CukesTestRunnerParallel" time="22.084">
    <failure message="element click intercepted: Element &lt;button type=&quot;button&quot; class=&quot;ml-1 btn btn-light&quot;&gt;...&lt;/button&gt; is not clickable at point (1195, 691). Other element would receive the click: &lt;div class=&quot;Toastify__toast-container Toastify__toast-container--bottom-right&quot;&gt;...&lt;/div&gt;&#10;  (Session info: MicrosoftEdge=104.0.1293.47)&#10;Build info: version: &apos;3.141.59&apos;, revision: &apos;e82be7d358&apos;, time: &apos;2018-11-14T08:17:03&apos;&#10;System info: host: &apos;DESKTOP-V1F92J5&apos;, ip: &apos;192.168.1.7&apos;, os.name: &apos;Windows 10&apos;, os.arch: &apos;amd64&apos;, os.version: &apos;10.0&apos;, java.version: &apos;1.8.0_333&apos;&#10;Driver info: org.openqa.selenium.edge.EdgeDriver&#10;Capabilities {acceptInsecureCerts: true, browserName: msedge, browserVersion: 104.0.1293.47, javascriptEnabled: true, ms:edgeOptions: {debuggerAddress: localhost:61444}, msedge: {msedgedriverVersion: 104.0.1293.54 (cf00dc8720d8..., userDataDir: C:\Users\haryk\AppData\Loca...}, networkConnectionEnabled: false, pageLoadStrategy: normal, platform: WINDOWS, platformName: WINDOWS, proxy: Proxy(), setWindowRect: true, strictFileInteractability: false, timeouts: {implicit: 0, pageLoad: 300000, script: 30000}, unhandledPromptBehavior: dismiss and notify, webauthn:extension:credBlob: true, webauthn:extension:largeBlob: true, webauthn:virtualAuthenticators: true}&#10;Session ID: 803c61476daf08c7c60ddfafefe60dc3" type="org.openqa.selenium.ElementClickInterceptedException"><![CDATA[org.openqa.selenium.ElementClickInterceptedException: 
element click intercepted: Element <button type="button" class="ml-1 btn btn-light">...</button> is not clickable at point (1195, 691). Other element would receive the click: <div class="Toastify__toast-container Toastify__toast-container--bottom-right">...</div>
  (Session info: MicrosoftEdge=104.0.1293.47)
Build info: version: '3.141.59', revision: 'e82be7d358', time: '2018-11-14T08:17:03'
System info: host: 'DESKTOP-V1F92J5', ip: '192.168.1.7', os.name: 'Windows 10', os.arch: 'amd64', os.version: '10.0', java.version: '1.8.0_333'
Driver info: org.openqa.selenium.edge.EdgeDriver
Capabilities {acceptInsecureCerts: true, browserName: msedge, browserVersion: 104.0.1293.47, javascriptEnabled: true, ms:edgeOptions: {debuggerAddress: localhost:61444}, msedge: {msedgedriverVersion: 104.0.1293.54 (cf00dc8720d8..., userDataDir: C:\Users\haryk\AppData\Loca...}, networkConnectionEnabled: false, pageLoadStrategy: normal, platform: WINDOWS, platformName: WINDOWS, proxy: Proxy(), setWindowRect: true, strictFileInteractability: false, timeouts: {implicit: 0, pageLoad: 300000, script: 30000}, unhandledPromptBehavior: dismiss and notify, webauthn:extension:credBlob: true, webauthn:extension:largeBlob: true, webauthn:virtualAuthenticators: true}
Session ID: 803c61476daf08c7c60ddfafefe60dc3
]]></failure>
    <system-out><![CDATA[=====Executing ...Return asset - Deny request - Request is removed from the list(file:src/test/resources/features/RequestForReturning.feature:38)
=====Scenario Failed!!!!!!! Return asset - Deny request - Request is removed from the list===FEATURE LOCATION: file:src/test/resources/features/RequestForReturning.feature:38
]]></system-out>
    <system-err><![CDATA[Starting Microsoft Edge WebDriver 104.0.1293.54 (cf00dc8720d894eb5f0a1b840990bb9ecf8b3589) on port 41605
To submit feedback, report a bug, or suggest new features, please visit https://github.com/MicrosoftEdge/EdgeWebDriver

Only local connections are allowed.
Please see https://aka.ms/WebDriverSecurity for suggestions on keeping Microsoft Edge WebDriver safe.

Microsoft Edge WebDriver was started successfully.
Aug 12, 2022 6:49:25 PM org.openqa.selenium.remote.ProtocolHandshake createSession
INFO: Detected dialect: W3C
]]></system-err>
  </testcase>
</testsuite>