<?xml version="1.0" encoding="UTF-8"?>
<testng-results skipped="0" failed="3" ignored="0" total="10" passed="7">
  <reporter-output>
  </reporter-output>
  <suite name="Surefire suite" duration-ms="160323" started-at="2022-08-12T18:47:04 ICT" finished-at="2022-08-12T18:49:44 ICT">
    <groups>
      <group name="cucumber">
        <method signature="AbstractTestNGCucumberTests.runScenario(io.cucumber.testng.PickleEventWrapper, io.cucumber.testng.CucumberFeatureWrapper)[pri:0, instance:com.oam.configuration.CukesTestRunnerParallel@184f6be2]" name="runScenario" class="io.cucumber.testng.AbstractTestNGCucumberTests"/>
      </group> <!-- cucumber -->
    </groups>
    <test name="Surefire test" duration-ms="160323" started-at="2022-08-12T18:47:04 ICT" finished-at="2022-08-12T18:49:44 ICT">
      <class name="com.oam.configuration.CukesTestRunnerParallel">
        <test-method status="PASS" signature="setUpClass()[pri:0, instance:com.oam.configuration.CukesTestRunnerParallel@184f6be2]" name="setUpClass" is-config="true" duration-ms="127" started-at="2022-08-12T18:47:04 ICT" finished-at="2022-08-12T18:47:04 ICT">
          <reporter-output>
          </reporter-output>
        </test-method> <!-- setUpClass -->
        <test-method status="PASS" signature="before()[pri:0, instance:com.oam.configuration.CukesTestRunnerParallel@184f6be2]" name="before" is-config="true" duration-ms="1" started-at="2022-08-12T18:47:04 ICT" finished-at="2022-08-12T18:47:04 ICT">
          <reporter-output>
          </reporter-output>
        </test-method> <!-- before -->
        <test-method status="PASS" signature="runScenario(io.cucumber.testng.PickleEventWrapper, io.cucumber.testng.CucumberFeatureWrapper)[pri:0, instance:com.oam.configuration.CukesTestRunnerParallel@184f6be2]" name="runScenario" duration-ms="19193" started-at="2022-08-12T18:47:04 ICT" description="Runs Cucumber Scenarios" data-provider="scenarios" finished-at="2022-08-12T18:47:23 ICT">
          <params>
            <param index="0">
              <value>
                <![CDATA["Create new asset - verify list"]]>
              </value>
            </param>
            <param index="1">
              <value>
                <![CDATA["Create new asset"]]>
              </value>
            </param>
          </params>
          <reporter-output>
          </reporter-output>
        </test-method> <!-- runScenario -->
        <test-method status="PASS" signature="runScenario(io.cucumber.testng.PickleEventWrapper, io.cucumber.testng.CucumberFeatureWrapper)[pri:0, instance:com.oam.configuration.CukesTestRunnerParallel@184f6be2]" name="runScenario" duration-ms="16686" started-at="2022-08-12T18:47:23 ICT" description="Runs Cucumber Scenarios" data-provider="scenarios" finished-at="2022-08-12T18:47:40 ICT">
          <params>
            <param index="0">
              <value>
                <![CDATA["Create new asset - verify detail"]]>
              </value>
            </param>
            <param index="1">
              <value>
                <![CDATA["Create new asset"]]>
              </value>
            </param>
          </params>
          <reporter-output>
          </reporter-output>
        </test-method> <!-- runScenario -->
        <test-method status="FAIL" signature="runScenario(io.cucumber.testng.PickleEventWrapper, io.cucumber.testng.CucumberFeatureWrapper)[pri:0, instance:com.oam.configuration.CukesTestRunnerParallel@184f6be2]" name="runScenario" duration-ms="20875" started-at="2022-08-12T18:47:40 ICT" description="Runs Cucumber Scenarios" data-provider="scenarios" finished-at="2022-08-12T18:48:01 ICT">
          <params>
            <param index="0">
              <value>
                <![CDATA["Create new assignment - verify list"]]>
              </value>
            </param>
            <param index="1">
              <value>
                <![CDATA["Create new assignment"]]>
              </value>
            </param>
          </params>
          <exception class="java.lang.AssertionError">
            <message>
              <![CDATA[
Expecting:
 <"Laptop14Jul04062418410802494391824818">
to be equal to:
 <"Laptop12Aug0647539432208378587453747">
but was not.]]>
            </message>
            <full-stacktrace>
              <![CDATA[java.lang.AssertionError: 
Expecting:
 <"Laptop14Jul04062418410802494391824818">
to be equal to:
 <"Laptop12Aug0647539432208378587453747">
but was not.
at com.oam.stepdefs.admin.ManageAssignmentSteps.lambda$new$1(ManageAssignmentSteps.java:31)
at ✽.the user should see the assignment in the list(file:src/test/resources/features/CreateNewAssignment.feature:19)
]]>
            </full-stacktrace>
          </exception> <!-- java.lang.AssertionError -->
          <reporter-output>
          </reporter-output>
        </test-method> <!-- runScenario -->
        <test-method status="PASS" signature="runScenario(io.cucumber.testng.PickleEventWrapper, io.cucumber.testng.CucumberFeatureWrapper)[pri:0, instance:com.oam.configuration.CukesTestRunnerParallel@184f6be2]" name="runScenario" duration-ms="11783" started-at="2022-08-12T18:48:01 ICT" description="Runs Cucumber Scenarios" data-provider="scenarios" finished-at="2022-08-12T18:48:13 ICT">
          <params>
            <param index="0">
              <value>
                <![CDATA["Login with valid admin account"]]>
              </value>
            </param>
            <param index="1">
              <value>
                <![CDATA["Login"]]>
              </value>
            </param>
          </params>
          <reporter-output>
          </reporter-output>
        </test-method> <!-- runScenario -->
        <test-method status="PASS" signature="runScenario(io.cucumber.testng.PickleEventWrapper, io.cucumber.testng.CucumberFeatureWrapper)[pri:0, instance:com.oam.configuration.CukesTestRunnerParallel@184f6be2]" name="runScenario" duration-ms="11747" started-at="2022-08-12T18:48:13 ICT" description="Runs Cucumber Scenarios" data-provider="scenarios" finished-at="2022-08-12T18:48:24 ICT">
          <params>
            <param index="0">
              <value>
                <![CDATA["Login with valid user account"]]>
              </value>
            </param>
            <param index="1">
              <value>
                <![CDATA["Login"]]>
              </value>
            </param>
          </params>
          <reporter-output>
          </reporter-output>
        </test-method> <!-- runScenario -->
        <test-method status="PASS" signature="runScenario(io.cucumber.testng.PickleEventWrapper, io.cucumber.testng.CucumberFeatureWrapper)[pri:0, instance:com.oam.configuration.CukesTestRunnerParallel@184f6be2]" name="runScenario" duration-ms="11799" started-at="2022-08-12T18:48:24 ICT" description="Runs Cucumber Scenarios" data-provider="scenarios" finished-at="2022-08-12T18:48:36 ICT">
          <params>
            <param index="0">
              <value>
                <![CDATA["Login with invalid admin account"]]>
              </value>
            </param>
            <param index="1">
              <value>
                <![CDATA["Login"]]>
              </value>
            </param>
          </params>
          <reporter-output>
          </reporter-output>
        </test-method> <!-- runScenario -->
        <test-method status="PASS" signature="runScenario(io.cucumber.testng.PickleEventWrapper, io.cucumber.testng.CucumberFeatureWrapper)[pri:0, instance:com.oam.configuration.CukesTestRunnerParallel@184f6be2]" name="runScenario" duration-ms="10146" started-at="2022-08-12T18:48:36 ICT" description="Runs Cucumber Scenarios" data-provider="scenarios" finished-at="2022-08-12T18:48:46 ICT">
          <params>
            <param index="0">
              <value>
                <![CDATA["Logout of admin account"]]>
              </value>
            </param>
            <param index="1">
              <value>
                <![CDATA["Login"]]>
              </value>
            </param>
          </params>
          <reporter-output>
          </reporter-output>
        </test-method> <!-- runScenario -->
        <test-method status="PASS" signature="runScenario(io.cucumber.testng.PickleEventWrapper, io.cucumber.testng.CucumberFeatureWrapper)[pri:0, instance:com.oam.configuration.CukesTestRunnerParallel@184f6be2]" name="runScenario" duration-ms="10139" started-at="2022-08-12T18:48:46 ICT" description="Runs Cucumber Scenarios" data-provider="scenarios" finished-at="2022-08-12T18:48:56 ICT">
          <params>
            <param index="0">
              <value>
                <![CDATA["Logout of user account"]]>
              </value>
            </param>
            <param index="1">
              <value>
                <![CDATA["Login"]]>
              </value>
            </param>
          </params>
          <reporter-output>
          </reporter-output>
        </test-method> <!-- runScenario -->
        <test-method status="FAIL" signature="runScenario(io.cucumber.testng.PickleEventWrapper, io.cucumber.testng.CucumberFeatureWrapper)[pri:0, instance:com.oam.configuration.CukesTestRunnerParallel@184f6be2]" name="runScenario" duration-ms="25395" started-at="2022-08-12T18:48:56 ICT" description="Runs Cucumber Scenarios" data-provider="scenarios" finished-at="2022-08-12T18:49:22 ICT">
          <params>
            <param index="0">
              <value>
                <![CDATA["Return asset - Accept request - State changed to Completed"]]>
              </value>
            </param>
            <param index="1">
              <value>
                <![CDATA["Request For Returning"]]>
              </value>
            </param>
          </params>
          <exception class="org.openqa.selenium.ElementClickInterceptedException">
            <message>
              <![CDATA[element click intercepted: Element <button type="button" class="ml-1 btn btn-light">...</button> is not clickable at point (1195, 691). Other element would receive the click: <div class="Toastify__toast-container Toastify__toast-container--bottom-right">...</div>
  (Session info: MicrosoftEdge=104.0.1293.47)
Build info: version: '3.141.59', revision: 'e82be7d358', time: '2018-11-14T08:17:03'
System info: host: 'DESKTOP-V1F92J5', ip: '192.168.1.7', os.name: 'Windows 10', os.arch: 'amd64', os.version: '10.0', java.version: '1.8.0_333'
Driver info: org.openqa.selenium.edge.EdgeDriver
Capabilities {acceptInsecureCerts: true, browserName: msedge, browserVersion: 104.0.1293.47, javascriptEnabled: true, ms:edgeOptions: {debuggerAddress: localhost:61371}, msedge: {msedgedriverVersion: 104.0.1293.54 (cf00dc8720d8..., userDataDir: C:\Users\haryk\AppData\Loca...}, networkConnectionEnabled: false, pageLoadStrategy: normal, platform: WINDOWS, platformName: WINDOWS, proxy: Proxy(), setWindowRect: true, strictFileInteractability: false, timeouts: {implicit: 0, pageLoad: 300000, script: 30000}, unhandledPromptBehavior: dismiss and notify, webauthn:extension:credBlob: true, webauthn:extension:largeBlob: true, webauthn:virtualAuthenticators: true}
Session ID: 9cd6db699e3c51cd0c5df3c8ea926061]]>
            </message>
            <full-stacktrace>
              <![CDATA[org.openqa.selenium.ElementClickInterceptedException: element click intercepted: Element <button type="button" class="ml-1 btn btn-light">...</button> is not clickable at point (1195, 691). Other element would receive the click: <div class="Toastify__toast-container Toastify__toast-container--bottom-right">...</div>
  (Session info: MicrosoftEdge=104.0.1293.47)
Build info: version: '3.141.59', revision: 'e82be7d358', time: '2018-11-14T08:17:03'
System info: host: 'DESKTOP-V1F92J5', ip: '192.168.1.7', os.name: 'Windows 10', os.arch: 'amd64', os.version: '10.0', java.version: '1.8.0_333'
Driver info: org.openqa.selenium.edge.EdgeDriver
Capabilities {acceptInsecureCerts: true, browserName: msedge, browserVersion: 104.0.1293.47, javascriptEnabled: true, ms:edgeOptions: {debuggerAddress: localhost:61371}, msedge: {msedgedriverVersion: 104.0.1293.54 (cf00dc8720d8..., userDataDir: C:\Users\haryk\AppData\Loca...}, networkConnectionEnabled: false, pageLoadStrategy: normal, platform: WINDOWS, platformName: WINDOWS, proxy: Proxy(), setWindowRect: true, strictFileInteractability: false, timeouts: {implicit: 0, pageLoad: 300000, script: 30000}, unhandledPromptBehavior: dismiss and notify, webauthn:extension:credBlob: true, webauthn:extension:largeBlob: true, webauthn:virtualAuthenticators: true}
Session ID: 9cd6db699e3c51cd0c5df3c8ea926061
at sun.reflect.NativeConstructorAccessorImpl.newInstance0(Native Method)
at sun.reflect.NativeConstructorAccessorImpl.newInstance(NativeConstructorAccessorImpl.java:62)
at sun.reflect.DelegatingConstructorAccessorImpl.newInstance(DelegatingConstructorAccessorImpl.java:45)
at java.lang.reflect.Constructor.newInstance(Constructor.java:423)
at org.openqa.selenium.remote.http.W3CHttpResponseCodec.createException(W3CHttpResponseCodec.java:187)
at org.openqa.selenium.remote.http.W3CHttpResponseCodec.decode(W3CHttpResponseCodec.java:122)
at org.openqa.selenium.remote.http.W3CHttpResponseCodec.decode(W3CHttpResponseCodec.java:49)
at org.openqa.selenium.remote.HttpCommandExecutor.execute(HttpCommandExecutor.java:158)
at org.openqa.selenium.remote.service.DriverCommandExecutor.execute(DriverCommandExecutor.java:83)
at org.openqa.selenium.remote.RemoteWebDriver.execute(RemoteWebDriver.java:552)
at org.openqa.selenium.remote.RemoteWebElement.execute(RemoteWebElement.java:285)
at org.openqa.selenium.remote.RemoteWebElement.click(RemoteWebElement.java:84)
at com.oam.pages.BasePage.clickElement(BasePage.java:54)
at com.oam.pages.BasePage.clickElement(BasePage.java:45)
at com.oam.pages.BasePage.clickElement(BasePage.java:33)
at com.oam.pages.shared.HomePage.clickAssetBtn(HomePage.java:23)
at com.oam.stepdefs.shared.HomeSteps.lambda$new$0(HomeSteps.java:19)
at ✽.the user clicks the "accept" button(file:src/test/resources/features/RequestForReturning.feature:24)
]]>
            </full-stacktrace>
          </exception> <!-- org.openqa.selenium.ElementClickInterceptedException -->
          <reporter-output>
          </reporter-output>
        </test-method> <!-- runScenario -->
        <test-method status="FAIL" signature="runScenario(io.cucumber.testng.PickleEventWrapper, io.cucumber.testng.CucumberFeatureWrapper)[pri:0, instance:com.oam.configuration.CukesTestRunnerParallel@184f6be2]" name="runScenario" duration-ms="22082" started-at="2022-08-12T18:49:22 ICT" description="Runs Cucumber Scenarios" data-provider="scenarios" finished-at="2022-08-12T18:49:44 ICT">
          <params>
            <param index="0">
              <value>
                <![CDATA["Return asset - Deny request - Request is removed from the list"]]>
              </value>
            </param>
            <param index="1">
              <value>
                <![CDATA["Request For Returning"]]>
              </value>
            </param>
          </params>
          <exception class="org.openqa.selenium.ElementClickInterceptedException">
            <message>
              <![CDATA[element click intercepted: Element <button type="button" class="ml-1 btn btn-light">...</button> is not clickable at point (1195, 691). Other element would receive the click: <div class="Toastify__toast-container Toastify__toast-container--bottom-right">...</div>
  (Session info: MicrosoftEdge=104.0.1293.47)
Build info: version: '3.141.59', revision: 'e82be7d358', time: '2018-11-14T08:17:03'
System info: host: 'DESKTOP-V1F92J5', ip: '192.168.1.7', os.name: 'Windows 10', os.arch: 'amd64', os.version: '10.0', java.version: '1.8.0_333'
Driver info: org.openqa.selenium.edge.EdgeDriver
Capabilities {acceptInsecureCerts: true, browserName: msedge, browserVersion: 104.0.1293.47, javascriptEnabled: true, ms:edgeOptions: {debuggerAddress: localhost:61444}, msedge: {msedgedriverVersion: 104.0.1293.54 (cf00dc8720d8..., userDataDir: C:\Users\haryk\AppData\Loca...}, networkConnectionEnabled: false, pageLoadStrategy: normal, platform: WINDOWS, platformName: WINDOWS, proxy: Proxy(), setWindowRect: true, strictFileInteractability: false, timeouts: {implicit: 0, pageLoad: 300000, script: 30000}, unhandledPromptBehavior: dismiss and notify, webauthn:extension:credBlob: true, webauthn:extension:largeBlob: true, webauthn:virtualAuthenticators: true}
Session ID: 803c61476daf08c7c60ddfafefe60dc3]]>
            </message>
            <full-stacktrace>
              <![CDATA[org.openqa.selenium.ElementClickInterceptedException: element click intercepted: Element <button type="button" class="ml-1 btn btn-light">...</button> is not clickable at point (1195, 691). Other element would receive the click: <div class="Toastify__toast-container Toastify__toast-container--bottom-right">...</div>
  (Session info: MicrosoftEdge=104.0.1293.47)
Build info: version: '3.141.59', revision: 'e82be7d358', time: '2018-11-14T08:17:03'
System info: host: 'DESKTOP-V1F92J5', ip: '192.168.1.7', os.name: 'Windows 10', os.arch: 'amd64', os.version: '10.0', java.version: '1.8.0_333'
Driver info: org.openqa.selenium.edge.EdgeDriver
Capabilities {acceptInsecureCerts: true, browserName: msedge, browserVersion: 104.0.1293.47, javascriptEnabled: true, ms:edgeOptions: {debuggerAddress: localhost:61444}, msedge: {msedgedriverVersion: 104.0.1293.54 (cf00dc8720d8..., userDataDir: C:\Users\haryk\AppData\Loca...}, networkConnectionEnabled: false, pageLoadStrategy: normal, platform: WINDOWS, platformName: WINDOWS, proxy: Proxy(), setWindowRect: true, strictFileInteractability: false, timeouts: {implicit: 0, pageLoad: 300000, script: 30000}, unhandledPromptBehavior: dismiss and notify, webauthn:extension:credBlob: true, webauthn:extension:largeBlob: true, webauthn:virtualAuthenticators: true}
Session ID: 803c61476daf08c7c60ddfafefe60dc3
at sun.reflect.NativeConstructorAccessorImpl.newInstance0(Native Method)
at sun.reflect.NativeConstructorAccessorImpl.newInstance(NativeConstructorAccessorImpl.java:62)
at sun.reflect.DelegatingConstructorAccessorImpl.newInstance(DelegatingConstructorAccessorImpl.java:45)
at java.lang.reflect.Constructor.newInstance(Constructor.java:423)
at org.openqa.selenium.remote.http.W3CHttpResponseCodec.createException(W3CHttpResponseCodec.java:187)
at org.openqa.selenium.remote.http.W3CHttpResponseCodec.decode(W3CHttpResponseCodec.java:122)
at org.openqa.selenium.remote.http.W3CHttpResponseCodec.decode(W3CHttpResponseCodec.java:49)
at org.openqa.selenium.remote.HttpCommandExecutor.execute(HttpCommandExecutor.java:158)
at org.openqa.selenium.remote.service.DriverCommandExecutor.execute(DriverCommandExecutor.java:83)
at org.openqa.selenium.remote.RemoteWebDriver.execute(RemoteWebDriver.java:552)
at org.openqa.selenium.remote.RemoteWebElement.execute(RemoteWebElement.java:285)
at org.openqa.selenium.remote.RemoteWebElement.click(RemoteWebElement.java:84)
at com.oam.pages.BasePage.clickElement(BasePage.java:54)
at com.oam.pages.BasePage.clickElement(BasePage.java:45)
at com.oam.pages.BasePage.clickElement(BasePage.java:33)
at com.oam.pages.shared.HomePage.clickAssetBtn(HomePage.java:23)
at com.oam.stepdefs.shared.HomeSteps.lambda$new$0(HomeSteps.java:19)
at ✽.the user clicks the "accept" button(file:src/test/resources/features/RequestForReturning.feature:58)
]]>
            </full-stacktrace>
          </exception> <!-- org.openqa.selenium.ElementClickInterceptedException -->
          <reporter-output>
          </reporter-output>
        </test-method> <!-- runScenario -->
        <test-method status="PASS" signature="after()[pri:0, instance:com.oam.configuration.CukesTestRunnerParallel@184f6be2]" name="after" is-config="true" duration-ms="1" started-at="2022-08-12T18:49:44 ICT" finished-at="2022-08-12T18:49:44 ICT">
          <reporter-output>
          </reporter-output>
        </test-method> <!-- after -->
        <test-method status="PASS" signature="tearDownClass()[pri:0, instance:com.oam.configuration.CukesTestRunnerParallel@184f6be2]" name="tearDownClass" is-config="true" duration-ms="270" started-at="2022-08-12T18:49:44 ICT" finished-at="2022-08-12T18:49:44 ICT">
          <reporter-output>
          </reporter-output>
        </test-method> <!-- tearDownClass -->
      </class> <!-- com.oam.configuration.CukesTestRunnerParallel -->
    </test> <!-- Surefire test -->
  </suite> <!-- Surefire suite -->
</testng-results>
